{"C:\\Users\\GowthamRavi\\Desktop\\P - Lyric trans\\groups_page\\backend\\controller.js": {"path":"C:\\Users\\GowthamRavi\\Desktop\\P - Lyric trans\\groups_page\\backend\\controller.js","statementMap":{"0":{"start":{"line":3,"column":16},"end":{"line":3,"column":34}},"1":{"start":{"line":4,"column":13},"end":{"line":4,"column":28}},"2":{"start":{"line":5,"column":12},"end":{"line":5,"column":21}},"3":{"start":{"line":7,"column":0},"end":{"line":7,"column":16}},"4":{"start":{"line":8,"column":0},"end":{"line":8,"column":24}},"5":{"start":{"line":9,"column":0},"end":{"line":9,"column":47}},"6":{"start":{"line":11,"column":26},"end":{"line":11,"column":57}},"7":{"start":{"line":12,"column":28},"end":{"line":12,"column":62}},"8":{"start":{"line":13,"column":29},"end":{"line":13,"column":63}},"9":{"start":{"line":15,"column":0},"end":{"line":15,"column":43}},"10":{"start":{"line":16,"column":0},"end":{"line":16,"column":52}},"11":{"start":{"line":17,"column":0},"end":{"line":17,"column":52}},"12":{"start":{"line":19,"column":0},"end":{"line":19,"column":21}}},"fnMap":{},"branchMap":{},"s":{"0":1,"1":1,"2":1,"3":1,"4":1,"5":1,"6":1,"7":1,"8":1,"9":1,"10":1,"11":1,"12":1},"f":{},"b":{},"_coverageSchema":"1a1c01bbd47fc00a2c39e90264f33305004495a9","hash":"b73e82192b7e5556cc8941dc2a5498af7d0276e3"}
,"C:\\Users\\GowthamRavi\\Desktop\\P - Lyric trans\\groups_page\\backend\\config\\db.js": {"path":"C:\\Users\\GowthamRavi\\Desktop\\P - Lyric trans\\groups_page\\backend\\config\\db.js","statementMap":{"0":{"start":{"line":3,"column":13},"end":{"line":3,"column":31}},"1":{"start":{"line":4,"column":13},"end":{"line":10,"column":2}},"2":{"start":{"line":12,"column":0},"end":{"line":12,"column":22}}},"fnMap":{},"branchMap":{},"s":{"0":1,"1":1,"2":1},"f":{},"b":{},"_coverageSchema":"1a1c01bbd47fc00a2c39e90264f33305004495a9","hash":"9e441c6c3f28ce25bb1d0f11d9e6d9fcd8c389b8"}
,"C:\\Users\\GowthamRavi\\Desktop\\P - Lyric trans\\groups_page\\backend\\routes\\deleteuserdata.js": {"path":"C:\\Users\\GowthamRavi\\Desktop\\P - Lyric trans\\groups_page\\backend\\routes\\deleteuserdata.js","statementMap":{"0":{"start":{"line":3,"column":16},"end":{"line":3,"column":34}},"1":{"start":{"line":4,"column":15},"end":{"line":4,"column":31}},"2":{"start":{"line":5,"column":13},"end":{"line":5,"column":36}},"3":{"start":{"line":8,"column":0},"end":{"line":21,"column":3}},"4":{"start":{"line":9,"column":17},"end":{"line":9,"column":25}},"5":{"start":{"line":10,"column":4},"end":{"line":10,"column":19}},"6":{"start":{"line":11,"column":4},"end":{"line":20,"column":5}},"7":{"start":{"line":12,"column":23},"end":{"line":12,"column":102}},"8":{"start":{"line":13,"column":8},"end":{"line":13,"column":36}},"9":{"start":{"line":14,"column":8},"end":{"line":17,"column":50}},"10":{"start":{"line":15,"column":12},"end":{"line":15,"column":49}},"11":{"start":{"line":17,"column":12},"end":{"line":17,"column":50}},"12":{"start":{"line":19,"column":8},"end":{"line":19,"column":42}},"13":{"start":{"line":23,"column":0},"end":{"line":23,"column":24}}},"fnMap":{"0":{"name":"(anonymous_0)","decl":{"start":{"line":8,"column":33},"end":{"line":8,"column":34}},"loc":{"start":{"line":8,"column":53},"end":{"line":21,"column":1}},"line":8}},"branchMap":{"0":{"loc":{"start":{"line":14,"column":8},"end":{"line":17,"column":50}},"type":"if","locations":[{"start":{"line":14,"column":8},"end":{"line":17,"column":50}},{"start":{"line":17,"column":12},"end":{"line":17,"column":50}}],"line":14}},"s":{"0":1,"1":1,"2":1,"3":1,"4":3,"5":3,"6":3,"7":3,"8":3,"9":3,"10":2,"11":1,"12":1,"13":1},"f":{"0":3},"b":{"0":[2,1]},"_coverageSchema":"1a1c01bbd47fc00a2c39e90264f33305004495a9","hash":"e4c1122ec12fead1f2eae0ace027f287127ea1be"}
,"C:\\Users\\GowthamRavi\\Desktop\\P - Lyric trans\\groups_page\\backend\\routes\\getuserdata.js": {"path":"C:\\Users\\GowthamRavi\\Desktop\\P - Lyric trans\\groups_page\\backend\\routes\\getuserdata.js","statementMap":{"0":{"start":{"line":3,"column":16},"end":{"line":3,"column":34}},"1":{"start":{"line":4,"column":15},"end":{"line":4,"column":31}},"2":{"start":{"line":5,"column":13},"end":{"line":5,"column":36}},"3":{"start":{"line":8,"column":0},"end":{"line":12,"column":3}},"4":{"start":{"line":9,"column":19},"end":{"line":9,"column":131}},"5":{"start":{"line":11,"column":4},"end":{"line":11,"column":38}},"6":{"start":{"line":14,"column":0},"end":{"line":14,"column":24}}},"fnMap":{"0":{"name":"(anonymous_0)","decl":{"start":{"line":8,"column":27},"end":{"line":8,"column":28}},"loc":{"start":{"line":8,"column":47},"end":{"line":12,"column":1}},"line":8}},"branchMap":{},"s":{"0":1,"1":1,"2":1,"3":1,"4":3,"5":3,"6":1},"f":{"0":3},"b":{},"_coverageSchema":"1a1c01bbd47fc00a2c39e90264f33305004495a9","hash":"d0a344ba9ceaa537561e55ffd3bbe0e7ce29b6f1"}
,"C:\\Users\\GowthamRavi\\Desktop\\P - Lyric trans\\groups_page\\backend\\routes\\updateuserdata.js": {"path":"C:\\Users\\GowthamRavi\\Desktop\\P - Lyric trans\\groups_page\\backend\\routes\\updateuserdata.js","statementMap":{"0":{"start":{"line":3,"column":16},"end":{"line":3,"column":34}},"1":{"start":{"line":4,"column":15},"end":{"line":4,"column":31}},"2":{"start":{"line":5,"column":13},"end":{"line":5,"column":36}},"3":{"start":{"line":8,"column":0},"end":{"line":27,"column":3}},"4":{"start":{"line":9,"column":23},"end":{"line":9,"column":31}},"5":{"start":{"line":10,"column":18},"end":{"line":10,"column":19}},"6":{"start":{"line":11,"column":4},"end":{"line":13,"column":5}},"7":{"start":{"line":12,"column":8},"end":{"line":12,"column":18}},"8":{"start":{"line":14,"column":4},"end":{"line":16,"column":5}},"9":{"start":{"line":15,"column":8},"end":{"line":15,"column":19}},"10":{"start":{"line":17,"column":4},"end":{"line":26,"column":5}},"11":{"start":{"line":18,"column":23},"end":{"line":18,"column":106}},"12":{"start":{"line":19,"column":8},"end":{"line":19,"column":37}},"13":{"start":{"line":20,"column":8},"end":{"line":23,"column":50}},"14":{"start":{"line":21,"column":12},"end":{"line":21,"column":49}},"15":{"start":{"line":23,"column":12},"end":{"line":23,"column":50}},"16":{"start":{"line":25,"column":8},"end":{"line":25,"column":42}},"17":{"start":{"line":29,"column":0},"end":{"line":29,"column":24}}},"fnMap":{"0":{"name":"(anonymous_0)","decl":{"start":{"line":8,"column":34},"end":{"line":8,"column":35}},"loc":{"start":{"line":8,"column":54},"end":{"line":27,"column":1}},"line":8}},"branchMap":{"0":{"loc":{"start":{"line":11,"column":4},"end":{"line":13,"column":5}},"type":"if","locations":[{"start":{"line":11,"column":4},"end":{"line":13,"column":5}},{"start":{},"end":{}}],"line":11},"1":{"loc":{"start":{"line":14,"column":4},"end":{"line":16,"column":5}},"type":"if","locations":[{"start":{"line":14,"column":4},"end":{"line":16,"column":5}},{"start":{},"end":{}}],"line":14},"2":{"loc":{"start":{"line":20,"column":8},"end":{"line":23,"column":50}},"type":"if","locations":[{"start":{"line":20,"column":8},"end":{"line":23,"column":50}},{"start":{"line":23,"column":12},"end":{"line":23,"column":50}}],"line":20}},"s":{"0":1,"1":1,"2":1,"3":1,"4":3,"5":3,"6":3,"7":1,"8":3,"9":2,"10":3,"11":3,"12":3,"13":3,"14":2,"15":1,"16":1,"17":1},"f":{"0":3},"b":{"0":[1,2],"1":[2,1],"2":[2,1]},"_coverageSchema":"1a1c01bbd47fc00a2c39e90264f33305004495a9","hash":"610067ad884850aa0dcb56737f01e9d186e477aa"}
}
