TN:
SF:controller.js
FNF:0
FNH:0
DA:3,1
DA:4,1
DA:5,1
DA:7,1
DA:8,1
DA:9,1
DA:11,1
DA:12,1
DA:13,1
DA:15,1
DA:16,1
DA:17,1
DA:19,1
LF:13
LH:13
BRF:0
BRH:0
end_of_record
TN:
SF:config\db.js
FNF:0
FNH:0
DA:3,1
DA:4,1
DA:12,1
LF:3
LH:3
BRF:0
BRH:0
end_of_record
TN:
SF:routes\deleteuserdata.js
FN:8,(anonymous_0)
FNF:1
FNH:1
FNDA:3,(anonymous_0)
DA:3,1
DA:4,1
DA:5,1
DA:8,1
DA:9,3
DA:10,3
DA:11,3
DA:12,3
DA:13,3
DA:14,3
DA:15,2
DA:17,1
DA:19,1
DA:23,1
LF:14
LH:14
BRDA:14,0,0,2
BRDA:14,0,1,1
BRF:2
BRH:2
end_of_record
TN:
SF:routes\getuserdata.js
FN:8,(anonymous_0)
FNF:1
FNH:1
FNDA:3,(anonymous_0)
DA:3,1
DA:4,1
DA:5,1
DA:8,1
DA:9,3
DA:11,3
DA:14,1
LF:7
LH:7
BRF:0
BRH:0
end_of_record
TN:
SF:routes\updateuserdata.js
FN:8,(anonymous_0)
FNF:1
FNH:1
FNDA:3,(anonymous_0)
DA:3,1
DA:4,1
DA:5,1
DA:8,1
DA:9,3
DA:10,3
DA:11,3
DA:12,1
DA:14,3
DA:15,2
DA:17,3
DA:18,3
DA:19,3
DA:20,3
DA:21,2
DA:23,1
DA:25,1
DA:29,1
LF:18
LH:18
BRDA:11,0,0,1
BRDA:11,0,1,2
BRDA:14,1,0,2
BRDA:14,1,1,1
BRDA:20,2,0,2
BRDA:20,2,1,1
BRF:6
BRH:6
end_of_record
