<?xml version="1.0" encoding="UTF-8"?>
<coverage generated="1693547144201" clover="3.2.0">
  <project timestamp="1693547144201" name="All files">
    <metrics statements="37" coveredstatements="33" conditionals="2" coveredconditionals="1" methods="5" coveredmethods="4" elements="44" coveredelements="38" complexity="0" loc="37" ncloc="37" packages="1" files="1" classes="1"/>
    <file name="app.js" path="C:\Users\GowthamRavi\Desktop\userdetails\lyric-trans\backend\app.js">
      <metrics statements="37" coveredstatements="33" conditionals="2" coveredconditionals="1" methods="5" coveredmethods="4"/>
      <line num="1" count="1" type="stmt"/>
      <line num="2" count="1" type="stmt"/>
      <line num="3" count="1" type="stmt"/>
      <line num="4" count="1" type="stmt"/>
      <line num="6" count="1" type="stmt"/>
      <line num="7" count="1" type="stmt"/>
      <line num="8" count="1" type="stmt"/>
      <line num="11" count="1" type="stmt"/>
      <line num="19" count="1" type="stmt"/>
      <line num="20" count="3" type="stmt"/>
      <line num="21" count="3" type="stmt"/>
      <line num="25" count="1" type="stmt"/>
      <line num="26" count="3" type="stmt"/>
      <line num="27" count="3" type="stmt"/>
      <line num="28" count="3" type="stmt"/>
      <line num="29" count="2" type="stmt"/>
      <line num="32" count="1" type="stmt"/>
      <line num="37" count="1" type="stmt"/>
      <line num="38" count="3" type="stmt"/>
      <line num="39" count="3" type="stmt"/>
      <line num="40" count="3" type="stmt"/>
      <line num="41" count="3" type="stmt"/>
      <line num="42" count="3" type="cond" truecount="1" falsecount="1"/>
      <line num="43" count="0" type="stmt"/>
      <line num="45" count="3" type="stmt"/>
      <line num="47" count="3" type="stmt"/>
      <line num="52" count="1" type="stmt"/>
      <line num="53" count="3" type="stmt"/>
      <line num="54" count="3" type="stmt"/>
      <line num="55" count="3" type="stmt"/>
      <line num="56" count="2" type="stmt"/>
      <line num="58" count="1" type="stmt"/>
      <line num="63" count="1" type="stmt"/>
      <line num="64" count="0" type="stmt"/>
      <line num="65" count="0" type="stmt"/>
      <line num="66" count="0" type="stmt"/>
      <line num="69" count="1" type="stmt"/>
    </file>
  </project>
</coverage>
