TN:
SF:app.js
FN:19,(anonymous_0)
FN:25,(anonymous_1)
FN:37,(anonymous_2)
FN:52,(anonymous_3)
FN:63,(anonymous_4)
FNF:5
FNH:4
FNDA:3,(anonymous_0)
FNDA:3,(anonymous_1)
FNDA:3,(anonymous_2)
FNDA:3,(anonymous_3)
FNDA:0,(anonymous_4)
DA:1,1
DA:2,1
DA:3,1
DA:4,1
DA:6,1
DA:7,1
DA:8,1
DA:11,1
DA:19,1
DA:20,3
DA:21,3
DA:25,1
DA:26,3
DA:27,3
DA:28,3
DA:29,2
DA:32,1
DA:37,1
DA:38,3
DA:39,3
DA:40,3
DA:41,3
DA:42,3
DA:43,0
DA:45,3
DA:47,3
DA:52,1
DA:53,3
DA:54,3
DA:55,3
DA:56,2
DA:58,1
DA:63,1
DA:64,0
DA:65,0
DA:66,0
DA:69,1
LF:37
LH:33
BRDA:42,0,0,0
BRDA:42,0,1,3
BRF:2
BRH:1
end_of_record
